<?xml version="1.0" encoding="UTF-8"?>
<!-- Generated by org.testng.reporters.JUnitReportReporter -->
<testsuite hostname="L76187" failures="0" tests="1" name="LoginProject.Mahak_loginpage.Login" time="58.005" errors="0" timestamp="2023-11-29T11:21:19 IST" skipped="0">
  <testcase classname="LoginProject.Mahak_loginpage.Login" name="login" time="58.005"/>
  <system-out/>
</testsuite> <!-- LoginProject.Mahak_loginpage.Login -->
